[debug] [2024-02-24T23:17:51.898Z] ----------------------------------------------------------------------
[debug] [2024-02-24T23:17:51.899Z] Command:       /usr/local/bin/node /usr/local/bin/firebase serve
[debug] [2024-02-24T23:17:51.899Z] CLI Version:   12.8.1
[debug] [2024-02-24T23:17:51.899Z] Platform:      darwin
[debug] [2024-02-24T23:17:51.899Z] Node Version:  v18.18.2
[debug] [2024-02-24T23:17:51.904Z] Time:          Sat Feb 24 2024 18:17:51 GMT-0500 (Eastern Standard Time)
[debug] [2024-02-24T23:17:51.904Z] ----------------------------------------------------------------------
[debug] 
[debug] [2024-02-24T23:17:51.940Z] > command requires scopes: ["email","openid","https://www.googleapis.com/auth/cloudplatformprojects.readonly","https://www.googleapis.com/auth/firebase","https://www.googleapis.com/auth/cloud-platform"]
[debug] [2024-02-24T23:17:51.940Z] > authorizing via signed-in user (cristianbolanos332@gmail.com)
[debug] [2024-02-24T23:17:51.940Z] [iam] checking project vision-a-i for permissions ["firebase.projects.get"]
[debug] [2024-02-24T23:17:51.941Z] > refreshing access token with scopes: []
[debug] [2024-02-24T23:17:51.942Z] >>> [apiv2][query] POST https://www.googleapis.com/oauth2/v3/token [none]
[debug] [2024-02-24T23:17:51.942Z] >>> [apiv2][body] POST https://www.googleapis.com/oauth2/v3/token [omitted]
[debug] [2024-02-24T23:17:52.164Z] <<< [apiv2][status] POST https://www.googleapis.com/oauth2/v3/token 200
[debug] [2024-02-24T23:17:52.165Z] <<< [apiv2][body] POST https://www.googleapis.com/oauth2/v3/token [omitted]
[debug] [2024-02-24T23:17:52.179Z] >>> [apiv2][query] POST https://cloudresourcemanager.googleapis.com/v1/projects/vision-a-i:testIamPermissions [none]
[debug] [2024-02-24T23:17:52.180Z] >>> [apiv2][(partial)header] POST https://cloudresourcemanager.googleapis.com/v1/projects/vision-a-i:testIamPermissions x-goog-quota-user=projects/vision-a-i
[debug] [2024-02-24T23:17:52.180Z] >>> [apiv2][body] POST https://cloudresourcemanager.googleapis.com/v1/projects/vision-a-i:testIamPermissions {"permissions":["firebase.projects.get"]}
[debug] [2024-02-24T23:17:52.412Z] <<< [apiv2][status] POST https://cloudresourcemanager.googleapis.com/v1/projects/vision-a-i:testIamPermissions 200
[debug] [2024-02-24T23:17:52.413Z] <<< [apiv2][body] POST https://cloudresourcemanager.googleapis.com/v1/projects/vision-a-i:testIamPermissions {"permissions":["firebase.projects.get"]}
[debug] [2024-02-24T23:17:52.414Z] >>> [apiv2][query] GET https://firebase.googleapis.com/v1beta1/projects/vision-a-i [none]
[debug] [2024-02-24T23:17:52.899Z] <<< [apiv2][status] GET https://firebase.googleapis.com/v1beta1/projects/vision-a-i 200
[debug] [2024-02-24T23:17:52.899Z] <<< [apiv2][body] GET https://firebase.googleapis.com/v1beta1/projects/vision-a-i {"projectId":"vision-a-i","projectNumber":"397353748961","displayName":"vision-a-i","name":"projects/vision-a-i","resources":{"hostingSite":"vision-a-i"},"state":"ACTIVE","etag":"1_ae18b2a6-780b-49ed-8b13-e9d28f958f4b"}
[info] 
[info] === Serving from '/Users/cristian/Desktop/vision-ai'...
[info] 
[debug] [2024-02-24T23:17:52.900Z] >>> [apiv2][query] GET https://firebasehosting.googleapis.com/v1beta1/projects/vision-a-i/sites 
[debug] [2024-02-24T23:17:53.510Z] <<< [apiv2][status] GET https://firebasehosting.googleapis.com/v1beta1/projects/vision-a-i/sites 200
[debug] [2024-02-24T23:17:53.510Z] <<< [apiv2][body] GET https://firebasehosting.googleapis.com/v1beta1/projects/vision-a-i/sites {"sites":[{"name":"projects/vision-a-i/sites/vision-a-i","defaultUrl":"https://vision-a-i.web.app","type":"DEFAULT_SITE"}]}
[debug] [2024-02-24T23:17:53.511Z] >>> [apiv2][query] GET https://firebase.googleapis.com/v1beta1/projects/vision-a-i/webApps/-/config [none]
[debug] [2024-02-24T23:17:54.002Z] <<< [apiv2][status] GET https://firebase.googleapis.com/v1beta1/projects/vision-a-i/webApps/-/config 200
[debug] [2024-02-24T23:17:54.003Z] <<< [apiv2][body] GET https://firebase.googleapis.com/v1beta1/projects/vision-a-i/webApps/-/config {"projectId":"vision-a-i","storageBucket":"vision-a-i.appspot.com","apiKey":"AIzaSyD2uJqQEd-vxwvzEKUyqVYUjf2FmXRR2GQ","authDomain":"vision-a-i.firebaseapp.com","messagingSenderId":"397353748961"}
[debug] [2024-02-24T23:17:54.010Z] >>> [apiv2][query] GET https://firebase.googleapis.com/v1beta1/projects/vision-a-i [none]
[debug] [2024-02-24T23:17:54.418Z] <<< [apiv2][status] GET https://firebase.googleapis.com/v1beta1/projects/vision-a-i 200
[debug] [2024-02-24T23:17:54.418Z] <<< [apiv2][body] GET https://firebase.googleapis.com/v1beta1/projects/vision-a-i {"projectId":"vision-a-i","projectNumber":"397353748961","displayName":"vision-a-i","name":"projects/vision-a-i","resources":{"hostingSite":"vision-a-i"},"state":"ACTIVE","etag":"1_ae18b2a6-780b-49ed-8b13-e9d28f958f4b"}
[info] i  hosting[vision-a-i]: Serving hosting files from: dist {"metadata":{"emulator":{"name":"hosting"},"message":"Serving hosting files from: \u001b[1mdist\u001b[22m"}}
[info] ✔  hosting[vision-a-i]: Local server: http://localhost:5002 {"metadata":{"emulator":{"name":"hosting"},"message":"Local server: \u001b[4m\u001b[1mhttp://localhost:5002\u001b[22m\u001b[24m"}}
[info] i  hosting: ::1 - - [24/Feb/2024:23:18:00 +0000] "GET / HTTP/1.1" 200 - "-" "Mozilla/5.0 (Macintosh; Intel Mac OS X 10_15_7) AppleWebKit/605.1.15 (KHTML, like Gecko) Version/17.3.1 Safari/605.1.15" {"metadata":{"emulator":{"name":"hosting"},"message":"::1 - - [24/Feb/2024:23:18:00 +0000] \"GET / HTTP/1.1\" 200 - \"-\" \"Mozilla/5.0 (Macintosh; Intel Mac OS X 10_15_7) AppleWebKit/605.1.15 (KHTML, like Gecko) Version/17.3.1 Safari/605.1.15\""}}
[info] i  hosting: ::1 - - [24/Feb/2024:23:18:00 +0000] "GET /manifest.json HTTP/1.1" 200 492 "http://localhost:5002/" "Mozilla/5.0 (Macintosh; Intel Mac OS X 10_15_7) AppleWebKit/605.1.15 (KHTML, like Gecko) Version/17.3.1 Safari/605.1.15" {"metadata":{"emulator":{"name":"hosting"},"message":"::1 - - [24/Feb/2024:23:18:00 +0000] \"GET /manifest.json HTTP/1.1\" 200 492 \"http://localhost:5002/\" \"Mozilla/5.0 (Macintosh; Intel Mac OS X 10_15_7) AppleWebKit/605.1.15 (KHTML, like Gecko) Version/17.3.1 Safari/605.1.15\""}}
[info] i  hosting: ::1 - - [24/Feb/2024:23:18:00 +0000] "GET /assets/index-cc850617.css HTTP/1.1" 200 - "http://localhost:5002/" "Mozilla/5.0 (Macintosh; Intel Mac OS X 10_15_7) AppleWebKit/605.1.15 (KHTML, like Gecko) Version/17.3.1 Safari/605.1.15" {"metadata":{"emulator":{"name":"hosting"},"message":"::1 - - [24/Feb/2024:23:18:00 +0000] \"GET /assets/index-cc850617.css HTTP/1.1\" 200 - \"http://localhost:5002/\" \"Mozilla/5.0 (Macintosh; Intel Mac OS X 10_15_7) AppleWebKit/605.1.15 (KHTML, like Gecko) Version/17.3.1 Safari/605.1.15\""}}
[info] i  hosting: ::1 - - [24/Feb/2024:23:18:00 +0000] "GET /assets/index-6a1a7cbe.js HTTP/1.1" 200 - "http://localhost:5002/" "Mozilla/5.0 (Macintosh; Intel Mac OS X 10_15_7) AppleWebKit/605.1.15 (KHTML, like Gecko) Version/17.3.1 Safari/605.1.15" {"metadata":{"emulator":{"name":"hosting"},"message":"::1 - - [24/Feb/2024:23:18:00 +0000] \"GET /assets/index-6a1a7cbe.js HTTP/1.1\" 200 - \"http://localhost:5002/\" \"Mozilla/5.0 (Macintosh; Intel Mac OS X 10_15_7) AppleWebKit/605.1.15 (KHTML, like Gecko) Version/17.3.1 Safari/605.1.15\""}}
[info] i  hosting: ::1 - - [24/Feb/2024:23:18:00 +0000] "GET /assets/swipe-back-bd60bfed.js HTTP/1.1" 200 682 "http://localhost:5002/" "Mozilla/5.0 (Macintosh; Intel Mac OS X 10_15_7) AppleWebKit/605.1.15 (KHTML, like Gecko) Version/17.3.1 Safari/605.1.15" {"metadata":{"emulator":{"name":"hosting"},"message":"::1 - - [24/Feb/2024:23:18:00 +0000] \"GET /assets/swipe-back-bd60bfed.js HTTP/1.1\" 200 682 \"http://localhost:5002/\" \"Mozilla/5.0 (Macintosh; Intel Mac OS X 10_15_7) AppleWebKit/605.1.15 (KHTML, like Gecko) Version/17.3.1 Safari/605.1.15\""}}
[info] i  hosting: ::1 - - [24/Feb/2024:23:18:00 +0000] "GET /assets/keyboard2-783239b5.js HTTP/1.1" 200 - "http://localhost:5002/Home" "Mozilla/5.0 (Macintosh; Intel Mac OS X 10_15_7) AppleWebKit/605.1.15 (KHTML, like Gecko) Version/17.3.1 Safari/605.1.15" {"metadata":{"emulator":{"name":"hosting"},"message":"::1 - - [24/Feb/2024:23:18:00 +0000] \"GET /assets/keyboard2-783239b5.js HTTP/1.1\" 200 - \"http://localhost:5002/Home\" \"Mozilla/5.0 (Macintosh; Intel Mac OS X 10_15_7) AppleWebKit/605.1.15 (KHTML, like Gecko) Version/17.3.1 Safari/605.1.15\""}}
[info] i  hosting: ::1 - - [24/Feb/2024:23:18:00 +0000] "GET /assets/focus-visible-9c13edeb.js HTTP/1.1" 200 994 "http://localhost:5002/Home" "Mozilla/5.0 (Macintosh; Intel Mac OS X 10_15_7) AppleWebKit/605.1.15 (KHTML, like Gecko) Version/17.3.1 Safari/605.1.15" {"metadata":{"emulator":{"name":"hosting"},"message":"::1 - - [24/Feb/2024:23:18:00 +0000] \"GET /assets/focus-visible-9c13edeb.js HTTP/1.1\" 200 994 \"http://localhost:5002/Home\" \"Mozilla/5.0 (Macintosh; Intel Mac OS X 10_15_7) AppleWebKit/605.1.15 (KHTML, like Gecko) Version/17.3.1 Safari/605.1.15\""}}
[info] i  hosting: ::1 - - [24/Feb/2024:23:18:00 +0000] "GET /assets/index9-b7e67946.js HTTP/1.1" 200 - "http://localhost:5002/Home" "Mozilla/5.0 (Macintosh; Intel Mac OS X 10_15_7) AppleWebKit/605.1.15 (KHTML, like Gecko) Version/17.3.1 Safari/605.1.15" {"metadata":{"emulator":{"name":"hosting"},"message":"::1 - - [24/Feb/2024:23:18:00 +0000] \"GET /assets/index9-b7e67946.js HTTP/1.1\" 200 - \"http://localhost:5002/Home\" \"Mozilla/5.0 (Macintosh; Intel Mac OS X 10_15_7) AppleWebKit/605.1.15 (KHTML, like Gecko) Version/17.3.1 Safari/605.1.15\""}}
[info] i  hosting: ::1 - - [24/Feb/2024:23:18:13 +0000] "GET /Home HTTP/1.1" 404 143 "-" "Mozilla/5.0 (Macintosh; Intel Mac OS X 10_15_7) AppleWebKit/605.1.15 (KHTML, like Gecko) Version/17.3.1 Safari/605.1.15" {"metadata":{"emulator":{"name":"hosting"},"message":"::1 - - [24/Feb/2024:23:18:13 +0000] \"GET /Home HTTP/1.1\" 404 143 \"-\" \"Mozilla/5.0 (Macintosh; Intel Mac OS X 10_15_7) AppleWebKit/605.1.15 (KHTML, like Gecko) Version/17.3.1 Safari/605.1.15\""}}
[info] i  hosting: ::1 - - [24/Feb/2024:23:18:17 +0000] "GET /Home HTTP/1.1" 404 143 "-" "Mozilla/5.0 (Macintosh; Intel Mac OS X 10_15_7) AppleWebKit/605.1.15 (KHTML, like Gecko) Version/17.3.1 Safari/605.1.15" {"metadata":{"emulator":{"name":"hosting"},"message":"::1 - - [24/Feb/2024:23:18:17 +0000] \"GET /Home HTTP/1.1\" 404 143 \"-\" \"Mozilla/5.0 (Macintosh; Intel Mac OS X 10_15_7) AppleWebKit/605.1.15 (KHTML, like Gecko) Version/17.3.1 Safari/605.1.15\""}}
[debug] [2024-02-24T23:18:34.434Z] ----------------------------------------------------------------------
[debug] [2024-02-24T23:18:34.435Z] Command:       /usr/local/bin/node /usr/local/bin/firebase serve
[debug] [2024-02-24T23:18:34.435Z] CLI Version:   12.8.1
[debug] [2024-02-24T23:18:34.435Z] Platform:      darwin
[debug] [2024-02-24T23:18:34.435Z] Node Version:  v18.18.2
[debug] [2024-02-24T23:18:34.436Z] Time:          Sat Feb 24 2024 18:18:34 GMT-0500 (Eastern Standard Time)
[debug] [2024-02-24T23:18:34.436Z] ----------------------------------------------------------------------
[debug] 
[debug] [2024-02-24T23:18:34.471Z] > command requires scopes: ["email","openid","https://www.googleapis.com/auth/cloudplatformprojects.readonly","https://www.googleapis.com/auth/firebase","https://www.googleapis.com/auth/cloud-platform"]
[debug] [2024-02-24T23:18:34.471Z] > authorizing via signed-in user (cristianbolanos332@gmail.com)
[debug] [2024-02-24T23:18:34.471Z] [iam] checking project vision-a-i for permissions ["firebase.projects.get"]
[debug] [2024-02-24T23:18:34.472Z] >>> [apiv2][query] POST https://cloudresourcemanager.googleapis.com/v1/projects/vision-a-i:testIamPermissions [none]
[debug] [2024-02-24T23:18:34.472Z] >>> [apiv2][(partial)header] POST https://cloudresourcemanager.googleapis.com/v1/projects/vision-a-i:testIamPermissions x-goog-quota-user=projects/vision-a-i
[debug] [2024-02-24T23:18:34.472Z] >>> [apiv2][body] POST https://cloudresourcemanager.googleapis.com/v1/projects/vision-a-i:testIamPermissions {"permissions":["firebase.projects.get"]}
[debug] [2024-02-24T23:18:34.884Z] <<< [apiv2][status] POST https://cloudresourcemanager.googleapis.com/v1/projects/vision-a-i:testIamPermissions 200
[debug] [2024-02-24T23:18:34.885Z] <<< [apiv2][body] POST https://cloudresourcemanager.googleapis.com/v1/projects/vision-a-i:testIamPermissions {"permissions":["firebase.projects.get"]}
[debug] [2024-02-24T23:18:34.886Z] >>> [apiv2][query] GET https://firebase.googleapis.com/v1beta1/projects/vision-a-i [none]
[debug] [2024-02-24T23:18:35.355Z] <<< [apiv2][status] GET https://firebase.googleapis.com/v1beta1/projects/vision-a-i 200
[debug] [2024-02-24T23:18:35.355Z] <<< [apiv2][body] GET https://firebase.googleapis.com/v1beta1/projects/vision-a-i {"projectId":"vision-a-i","projectNumber":"397353748961","displayName":"vision-a-i","name":"projects/vision-a-i","resources":{"hostingSite":"vision-a-i"},"state":"ACTIVE","etag":"1_ae18b2a6-780b-49ed-8b13-e9d28f958f4b"}
[info] 
[info] === Serving from '/Users/cristian/Desktop/vision-ai'...
[info] 
[debug] [2024-02-24T23:18:35.359Z] >>> [apiv2][query] GET https://firebasehosting.googleapis.com/v1beta1/projects/vision-a-i/sites 
[debug] [2024-02-24T23:18:36.210Z] <<< [apiv2][status] GET https://firebasehosting.googleapis.com/v1beta1/projects/vision-a-i/sites 200
[debug] [2024-02-24T23:18:36.210Z] <<< [apiv2][body] GET https://firebasehosting.googleapis.com/v1beta1/projects/vision-a-i/sites {"sites":[{"name":"projects/vision-a-i/sites/vision-a-i","defaultUrl":"https://vision-a-i.web.app","type":"DEFAULT_SITE"}]}
[debug] [2024-02-24T23:18:36.211Z] >>> [apiv2][query] GET https://firebase.googleapis.com/v1beta1/projects/vision-a-i/webApps/-/config [none]
[debug] [2024-02-24T23:18:36.688Z] <<< [apiv2][status] GET https://firebase.googleapis.com/v1beta1/projects/vision-a-i/webApps/-/config 200
[debug] [2024-02-24T23:18:36.689Z] <<< [apiv2][body] GET https://firebase.googleapis.com/v1beta1/projects/vision-a-i/webApps/-/config {"projectId":"vision-a-i","storageBucket":"vision-a-i.appspot.com","apiKey":"AIzaSyD2uJqQEd-vxwvzEKUyqVYUjf2FmXRR2GQ","authDomain":"vision-a-i.firebaseapp.com","messagingSenderId":"397353748961"}
[debug] [2024-02-24T23:18:36.698Z] >>> [apiv2][query] GET https://firebase.googleapis.com/v1beta1/projects/vision-a-i [none]
[debug] [2024-02-24T23:18:37.071Z] <<< [apiv2][status] GET https://firebase.googleapis.com/v1beta1/projects/vision-a-i 200
[debug] [2024-02-24T23:18:37.072Z] <<< [apiv2][body] GET https://firebase.googleapis.com/v1beta1/projects/vision-a-i {"projectId":"vision-a-i","projectNumber":"397353748961","displayName":"vision-a-i","name":"projects/vision-a-i","resources":{"hostingSite":"vision-a-i"},"state":"ACTIVE","etag":"1_ae18b2a6-780b-49ed-8b13-e9d28f958f4b"}
[info] i  hosting[vision-a-i]: Serving hosting files from: dist {"metadata":{"emulator":{"name":"hosting"},"message":"Serving hosting files from: \u001b[1mdist\u001b[22m"}}
[info] ✔  hosting[vision-a-i]: Local server: http://localhost:5003 {"metadata":{"emulator":{"name":"hosting"},"message":"Local server: \u001b[4m\u001b[1mhttp://localhost:5003\u001b[22m\u001b[24m"}}
[info] i  hosting: ::1 - - [24/Feb/2024:23:18:48 +0000] "GET / HTTP/1.1" 200 - "-" "Mozilla/5.0 (Macintosh; Intel Mac OS X 10_15_7) AppleWebKit/605.1.15 (KHTML, like Gecko) Version/17.3.1 Safari/605.1.15" {"metadata":{"emulator":{"name":"hosting"},"message":"::1 - - [24/Feb/2024:23:18:48 +0000] \"GET / HTTP/1.1\" 200 - \"-\" \"Mozilla/5.0 (Macintosh; Intel Mac OS X 10_15_7) AppleWebKit/605.1.15 (KHTML, like Gecko) Version/17.3.1 Safari/605.1.15\""}}
[info] i  hosting: ::1 - - [24/Feb/2024:23:18:48 +0000] "GET /favicon.png HTTP/1.1" 404 150 "http://localhost:5003/" "Mozilla/5.0 (Macintosh; Intel Mac OS X 10_15_7) AppleWebKit/605.1.15 (KHTML, like Gecko) Version/17.3.1 Safari/605.1.15" {"metadata":{"emulator":{"name":"hosting"},"message":"::1 - - [24/Feb/2024:23:18:48 +0000] \"GET /favicon.png HTTP/1.1\" 404 150 \"http://localhost:5003/\" \"Mozilla/5.0 (Macintosh; Intel Mac OS X 10_15_7) AppleWebKit/605.1.15 (KHTML, like Gecko) Version/17.3.1 Safari/605.1.15\""}}
[info] i  hosting: ::1 - - [24/Feb/2024:23:18:48 +0000] "GET /manifest.json HTTP/1.1" 200 492 "http://localhost:5003/" "Mozilla/5.0 (Macintosh; Intel Mac OS X 10_15_7) AppleWebKit/605.1.15 (KHTML, like Gecko) Version/17.3.1 Safari/605.1.15" {"metadata":{"emulator":{"name":"hosting"},"message":"::1 - - [24/Feb/2024:23:18:48 +0000] \"GET /manifest.json HTTP/1.1\" 200 492 \"http://localhost:5003/\" \"Mozilla/5.0 (Macintosh; Intel Mac OS X 10_15_7) AppleWebKit/605.1.15 (KHTML, like Gecko) Version/17.3.1 Safari/605.1.15\""}}
[info] i  hosting: ::1 - - [24/Feb/2024:23:18:48 +0000] "GET /assets/index-cc850617.css HTTP/1.1" 200 - "http://localhost:5003/" "Mozilla/5.0 (Macintosh; Intel Mac OS X 10_15_7) AppleWebKit/605.1.15 (KHTML, like Gecko) Version/17.3.1 Safari/605.1.15" {"metadata":{"emulator":{"name":"hosting"},"message":"::1 - - [24/Feb/2024:23:18:48 +0000] \"GET /assets/index-cc850617.css HTTP/1.1\" 200 - \"http://localhost:5003/\" \"Mozilla/5.0 (Macintosh; Intel Mac OS X 10_15_7) AppleWebKit/605.1.15 (KHTML, like Gecko) Version/17.3.1 Safari/605.1.15\""}}
[info] i  hosting: ::1 - - [24/Feb/2024:23:18:48 +0000] "GET /assets/index-6a1a7cbe.js HTTP/1.1" 200 - "http://localhost:5003/" "Mozilla/5.0 (Macintosh; Intel Mac OS X 10_15_7) AppleWebKit/605.1.15 (KHTML, like Gecko) Version/17.3.1 Safari/605.1.15" {"metadata":{"emulator":{"name":"hosting"},"message":"::1 - - [24/Feb/2024:23:18:48 +0000] \"GET /assets/index-6a1a7cbe.js HTTP/1.1\" 200 - \"http://localhost:5003/\" \"Mozilla/5.0 (Macintosh; Intel Mac OS X 10_15_7) AppleWebKit/605.1.15 (KHTML, like Gecko) Version/17.3.1 Safari/605.1.15\""}}
[info] i  hosting: ::1 - - [24/Feb/2024:23:18:48 +0000] "GET /assets/swipe-back-bd60bfed.js HTTP/1.1" 200 682 "http://localhost:5003/" "Mozilla/5.0 (Macintosh; Intel Mac OS X 10_15_7) AppleWebKit/605.1.15 (KHTML, like Gecko) Version/17.3.1 Safari/605.1.15" {"metadata":{"emulator":{"name":"hosting"},"message":"::1 - - [24/Feb/2024:23:18:48 +0000] \"GET /assets/swipe-back-bd60bfed.js HTTP/1.1\" 200 682 \"http://localhost:5003/\" \"Mozilla/5.0 (Macintosh; Intel Mac OS X 10_15_7) AppleWebKit/605.1.15 (KHTML, like Gecko) Version/17.3.1 Safari/605.1.15\""}}
[info] i  hosting: ::1 - - [24/Feb/2024:23:18:48 +0000] "GET /assets/index9-b7e67946.js HTTP/1.1" 200 - "http://localhost:5003/Home" "Mozilla/5.0 (Macintosh; Intel Mac OS X 10_15_7) AppleWebKit/605.1.15 (KHTML, like Gecko) Version/17.3.1 Safari/605.1.15" {"metadata":{"emulator":{"name":"hosting"},"message":"::1 - - [24/Feb/2024:23:18:48 +0000] \"GET /assets/index9-b7e67946.js HTTP/1.1\" 200 - \"http://localhost:5003/Home\" \"Mozilla/5.0 (Macintosh; Intel Mac OS X 10_15_7) AppleWebKit/605.1.15 (KHTML, like Gecko) Version/17.3.1 Safari/605.1.15\""}}
[info] i  hosting: ::1 - - [24/Feb/2024:23:18:48 +0000] "GET /assets/focus-visible-9c13edeb.js HTTP/1.1" 200 994 "http://localhost:5003/Home" "Mozilla/5.0 (Macintosh; Intel Mac OS X 10_15_7) AppleWebKit/605.1.15 (KHTML, like Gecko) Version/17.3.1 Safari/605.1.15" {"metadata":{"emulator":{"name":"hosting"},"message":"::1 - - [24/Feb/2024:23:18:48 +0000] \"GET /assets/focus-visible-9c13edeb.js HTTP/1.1\" 200 994 \"http://localhost:5003/Home\" \"Mozilla/5.0 (Macintosh; Intel Mac OS X 10_15_7) AppleWebKit/605.1.15 (KHTML, like Gecko) Version/17.3.1 Safari/605.1.15\""}}
[info] i  hosting: ::1 - - [24/Feb/2024:23:18:48 +0000] "GET /assets/keyboard2-783239b5.js HTTP/1.1" 200 - "http://localhost:5003/Home" "Mozilla/5.0 (Macintosh; Intel Mac OS X 10_15_7) AppleWebKit/605.1.15 (KHTML, like Gecko) Version/17.3.1 Safari/605.1.15" {"metadata":{"emulator":{"name":"hosting"},"message":"::1 - - [24/Feb/2024:23:18:48 +0000] \"GET /assets/keyboard2-783239b5.js HTTP/1.1\" 200 - \"http://localhost:5003/Home\" \"Mozilla/5.0 (Macintosh; Intel Mac OS X 10_15_7) AppleWebKit/605.1.15 (KHTML, like Gecko) Version/17.3.1 Safari/605.1.15\""}}
